<?xml version="1.0" encoding="UTF-8"?>
<!-- Generated by org.testng.reporters.JUnitReportReporter -->
<testsuite hostname="DESKTOP-STKHBHP" name="Udemy.MavenDemo.RestAPI_Test" tests="2" failures="0" timestamp="30 Apr 2021 08:37:35 GMT" time="0.060" errors="0">
  <testcase name="postjira" time="0.002" classname="Udemy.MavenDemo.RestAPI_Test"/>
  <testcase name="deletertwitter" time="0.058" classname="Udemy.MavenDemo.RestAPI_Test"/>
</testsuite> <!-- Udemy.MavenDemo.RestAPI_Test -->
