<?xml version="1.0" encoding="UTF-8"?>
<!-- Generated by org.testng.reporters.JUnitReportReporter -->
<testsuite hostname="DESKTOP-STKHBHP" name="Udemy.MavenDemo.Appium_Test" tests="2" failures="0" timestamp="30 Apr 2021 08:37:35 GMT" time="0.004" errors="0">
  <testcase name="RestAPi" time="0.002" classname="Udemy.MavenDemo.Appium_Test"/>
  <testcase name="IOSApp" time="0.002" classname="Udemy.MavenDemo.Appium_Test"/>
</testsuite> <!-- Udemy.MavenDemo.Appium_Test -->
