<?xml version="1.0" encoding="UTF-8"?>
<!-- Generated by org.testng.reporters.JUnitReportReporter -->
<testsuite skipped="0" hostname="DESKTOP-STKHBHP" name="Udemy.MavenDemo.Appium_Test" tests="2" failures="0" timestamp="5 May 2021 07:29:42 GMT" time="0.003" errors="0">
  <testcase name="RestAPi" time="0.002" classname="Udemy.MavenDemo.Appium_Test"/>
  <testcase name="IOSApp" time="0.001" classname="Udemy.MavenDemo.Appium_Test"/>
</testsuite> <!-- Udemy.MavenDemo.Appium_Test -->
