<?xml version="1.0" encoding="UTF-8"?>
<!-- Generated by org.testng.reporters.JUnitReportReporter -->
<testsuite skipped="0" hostname="DESKTOP-STKHBHP" name="Udemy.MavenDemo.Selnium_Test" tests="2" failures="0" timestamp="5 May 2021 07:29:42 GMT" time="0.000" errors="0">
  <testcase name="BrowserAutomation" time="0.000" classname="Udemy.MavenDemo.Selnium_Test"/>
  <testcase name="elementUi" time="0.000" classname="Udemy.MavenDemo.Selnium_Test"/>
</testsuite> <!-- Udemy.MavenDemo.Selnium_Test -->
