<?xml version="1.0" encoding="UTF-8"?>
<!-- Generated by org.testng.reporters.JUnitReportReporter -->
<testsuite skipped="0" hostname="DESKTOP-STKHBHP" name="Udemy.MavenDemo.RestAPI_Test" tests="2" failures="0" timestamp="5 May 2021 07:29:42 GMT" time="0.036" errors="0">
  <testcase name="deletertwitter" time="0.025" classname="Udemy.MavenDemo.RestAPI_Test"/>
  <testcase name="postjira" time="0.011" classname="Udemy.MavenDemo.RestAPI_Test"/>
</testsuite> <!-- Udemy.MavenDemo.RestAPI_Test -->
